<?xml version="1.0" encoding="UTF-8"?>
<!-- Generated by org.testng.reporters.JUnitReportReporter -->
<testsuite hostname="abhay" failures="0" tests="4" name="tests.LoginTest" time="39.566" errors="0" timestamp="2025-07-10T14:46:45 IST" skipped="0">
  <testcase classname="tests.LoginTest" name="testLoginPageLoadPerformance" time="3.937"/>
  <testcase classname="tests.LoginTest" name="testInvalidLoginValidation" time="8.892"/>
  <testcase classname="tests.LoginTest" name="testForgotPasswordFeatureValidation" time="12.637"/>
  <testcase classname="tests.LoginTest" name="testInstagramRedirect" time="14.100"/>
</testsuite> <!-- tests.LoginTest -->
